projet.py:40: DeprecationWarning: use options instead of chrome_options
  driver = webdriver.Chrome("chromedriver", chrome_options=chrome_options )
projet.py:40: DeprecationWarning: use options instead of chrome_options
  driver = webdriver.Chrome("chromedriver", chrome_options=chrome_options )
projet.py:40: DeprecationWarning: use options instead of chrome_options
  driver = webdriver.Chrome("chromedriver", chrome_options=chrome_options )
projet.py:40: DeprecationWarning: use options instead of chrome_options
  driver = webdriver.Chrome("chromedriver", chrome_options=chrome_options )
Bot is ready
end...
end...
end...
end...
Traceback (most recent call last):
  File "projet.py", line 46, in <module>
    bot.run(TOKEN)
  File "/usr/local/lib/python3.8/dist-packages/discord/client.py", line 718, in run
    return future.result()
  File "/usr/local/lib/python3.8/dist-packages/discord/client.py", line 697, in runner
    await self.start(*args, **kwargs)
  File "/usr/local/lib/python3.8/dist-packages/discord/client.py", line 661, in start
    await self.connect(reconnect=reconnect)
  File "/usr/local/lib/python3.8/dist-packages/discord/client.py", line 561, in connect
    await self.ws.poll_event()
  File "/usr/local/lib/python3.8/dist-packages/discord/gateway.py", line 587, in poll_event
    raise ConnectionClosed(self.socket, shard_id=self.shard_id, code=code) from None
discord.errors.ConnectionClosed: Shard ID None WebSocket closed with 4004
projet.py:40: DeprecationWarning: use options instead of chrome_options
  driver = webdriver.Chrome("chromedriver", chrome_options=chrome_options )
Bot is ready
end...
